:: ===================================== 
:: Старт логирования в файл 
:: Путь к файлу - "D:\cmd\operation_error\logs\process_log_21-07-2026.log" 
:: Дата создания - 21.07.2026 
:: ===================================== 
 
[15:38:02] [INFO] Запуск процесса обработки... 
[15:38:02] [INFO] Проверяю наличие файлов в директории D:\cmd\test_dir 
[15:38:02] [WARNING] В папке D:\cmd\test_dir\AnyWay файлы отсутствуют 
[15:38:03] [INFO] Найдена папка с файлами: D:\cmd\test_dir\Error 
[15:38:03] [INFO] Количество файлов в папке: 1 
[15:38:03] [INFO] Размер файлов: 3559 байт 
[15:38:03] [INFO] Найдена папка с файлами: D:\cmd\test_dir\In 
[15:38:03] [INFO] Количество файлов в папке: 3 
[15:38:03] [INFO] Размер файлов: 813174 байт 
[15:38:04] [INFO] Найдена папка с файлами: D:\cmd\test_dir\Out 
[15:38:04] [INFO] Количество файлов в папке: 2 
[15:38:04] [INFO] Размер файлов: 487838 байт 
[15:38:04] [INFO] Запуск процесса обработки завершен 
[15:40:13] [INFO] Запуск процесса обработки... 
[15:40:13] [INFO] Проверяю наличие файлов в директории D:\cmd\test_dir 
[15:40:14] [WARNING] В папке D:\cmd\test_dir\AnyWay файлы отсутствуют 
[15:40:14] [INFO] Найдена папка с файлами: D:\cmd\test_dir\Error 
[15:40:14] [INFO] Количество файлов в папке: 1 
[15:40:14] [INFO] Размер файлов: 3559 байт 
[15:40:14] [INFO] Найдена папка с файлами: D:\cmd\test_dir\In 
[15:40:14] [INFO] Количество файлов в папке: 3 
[15:40:15] [INFO] Размер файлов: 813174 байт 
[15:40:15] [INFO] Найдена папка с файлами: D:\cmd\test_dir\Out 
[15:40:15] [INFO] Количество файлов в папке: 2 
[15:40:15] [INFO] Размер файлов: 487838 байт 
[15:40:15] [INFO] Начинаю поиск более ранних заключений... 
[15:40:15] [INFO] Перемещено в архив 0 заключений 
[15:40:16] [INFO] Файл заключений обновлен 
[15:40:16] [INFO] Поиск более ранних заключений завершен 
[15:40:16] [INFO] Запуск процесса обработки завершен 
